Content-Type: multipart/alternative;
 boundary="===============0917485130009814411=="
MIME-Version: 1.0
Subject: New invitation!
From: fkare@example.com
To: 
Date: Thu, 04 May 2017 05:31:48 -0000
Message-ID: <20170504053148.793.74117@Abduls-MBP>

--===============0917485130009814411==
MIME-Version: 1.0
Content-Type: text/plain; charset="utf-8"
Content-Transfer-Encoding: 7bit

Hi !

You've been invited to join BitCloud by Abdul Rehman.

Thanks!

Feelings

--===============0917485130009814411==
MIME-Version: 1.0
Content-Type: text/html; charset="utf-8"
Content-Transfer-Encoding: 7bit

<p>Hi !</p>

<p>You've been invited to join BitCloud by Abdul Rehman.</p>

<p>Thanks!</p>

<p>Feelings</p>

--===============0917485130009814411==--

-------------------------------------------------------------------------------
